<?xml version="1.0" encoding="UTF-8"?>
<testsuite name="DBDaoCRUDTest" tests="1" skipped="0" failures="0" errors="0" timestamp="2020-09-25T04:14:43" hostname="DESKTOP-AS4GVC7" time="0.164">
  <properties/>
  <testcase name="testAuthorREAD" classname="DBDaoCRUDTest" time="0.164"/>
  <system-out><![CDATA[]]></system-out>
  <system-err><![CDATA[]]></system-err>
</testsuite>
