<?xml version="1.0" encoding="UTF-8"?>
<testsuite name="RESTAPITest" tests="1" skipped="0" failures="0" errors="0" timestamp="2020-10-03T05:20:07" hostname="DESKTOP-AS4GVC7" time="0.234">
  <properties/>
  <testcase name="testDeleteAuthor" classname="RESTAPITest" time="0.234"/>
  <system-out><![CDATA[]]></system-out>
  <system-err><![CDATA[]]></system-err>
</testsuite>
